[0m12:11:41.519668 [debug] [MainThread]: Sending event: {'category': 'dbt', 'action': 'invocation', 'label': 'start', 'context': [<snowplow_tracker.self_describing_json.SelfDescribingJson object at 0x0000023DDF1AAA90>, <snowplow_tracker.self_describing_json.SelfDescribingJson object at 0x0000023DE228B710>, <snowplow_tracker.self_describing_json.SelfDescribingJson object at 0x0000023DE228C690>]}


============================== 12:11:41.519668 | 7eaf8474-c923-4ed6-b95a-3c79f8a260d3 ==============================
[0m12:11:41.519668 [info ] [MainThread]: Running with dbt=1.8.1
[0m12:11:41.519668 [debug] [MainThread]: running dbt with arguments {'printer_width': '80', 'indirect_selection': 'eager', 'write_json': 'True', 'log_cache_events': 'False', 'partial_parse': 'True', 'cache_selected_only': 'False', 'warn_error': 'None', 'debug': 'False', 'version_check': 'True', 'log_path': 'logs', 'profiles_dir': 'C:\\Users\\HP\\.dbt', 'fail_fast': 'False', 'use_colors': 'True', 'use_experimental_parser': 'False', 'no_print': 'None', 'quiet': 'False', 'warn_error_options': 'WarnErrorOptions(include=[], exclude=[])', 'static_parser': 'True', 'invocation_command': 'dbt init air_civ_analytics_project', 'introspect': 'True', 'target_path': 'None', 'log_format': 'default', 'send_anonymous_usage_stats': 'True'}
[0m12:11:41.591918 [warn ] [MainThread]: [ConfigFolderDirectory]: Unable to parse logging event dictionary. Failed to parse dir field: expected string or bytes-like object, got 'WindowsPath'.. Dictionary: {'dir': WindowsPath('C:/Users/HP/.dbt')}
[0m12:11:41.593917 [info ] [MainThread]: Creating dbt configuration folder at 
[0m12:11:41.596920 [debug] [MainThread]: Starter project path: C:\Users\HP\Documents\Challenge-Analytics-Engineer-ARTEFACT\.venv\Lib\site-packages\dbt\include\starter_project
[0m12:11:41.758507 [info ] [MainThread]: 
Your new dbt project "air_civ_analytics_project" was created!

For more information on how to configure the profiles.yml file,
please consult the dbt documentation here:

  https://docs.getdbt.com/docs/configure-your-profile

One more thing:

Need help? Don't hesitate to reach out to us via GitHub issues or on Slack:

  https://community.getdbt.com/

Happy modeling!

[0m12:11:41.760510 [info ] [MainThread]: Setting up your profile.
[0m12:11:47.092174 [info ] [MainThread]: Profile air_civ_analytics_project written to C:\Users\HP\.dbt\profiles.yml using target's sample configuration. Once updated, you'll be able to start developing with dbt.
[0m12:11:47.095180 [debug] [MainThread]: Command `dbt init` succeeded at 12:11:47.095180 after 5.78 seconds
[0m12:11:47.096181 [debug] [MainThread]: Sending event: {'category': 'dbt', 'action': 'invocation', 'label': 'end', 'context': [<snowplow_tracker.self_describing_json.SelfDescribingJson object at 0x0000023DE0F79F90>, <snowplow_tracker.self_describing_json.SelfDescribingJson object at 0x0000023DE2075950>, <snowplow_tracker.self_describing_json.SelfDescribingJson object at 0x0000023DE2075850>]}
[0m12:11:47.096181 [debug] [MainThread]: Flushing usage events
[0m15:12:01.024211 [debug] [MainThread]: Sending event: {'category': 'dbt', 'action': 'invocation', 'label': 'start', 'context': [<snowplow_tracker.self_describing_json.SelfDescribingJson object at 0x000002AA27E8A590>, <snowplow_tracker.self_describing_json.SelfDescribingJson object at 0x000002AA27E42650>, <snowplow_tracker.self_describing_json.SelfDescribingJson object at 0x000002AA27E41090>]}


============================== 15:12:01.043041 | d28b8f86-8f84-4895-a49f-a8690f6e81f9 ==============================
[0m15:12:01.043041 [info ] [MainThread]: Running with dbt=1.8.1
[0m15:12:01.043041 [debug] [MainThread]: running dbt with arguments {'printer_width': '80', 'indirect_selection': 'eager', 'log_cache_events': 'False', 'write_json': 'True', 'partial_parse': 'True', 'cache_selected_only': 'False', 'warn_error': 'None', 'version_check': 'True', 'fail_fast': 'False', 'log_path': 'logs', 'profiles_dir': 'C:\\Users\\HP\\.dbt', 'debug': 'False', 'use_colors': 'True', 'use_experimental_parser': 'False', 'no_print': 'None', 'quiet': 'False', 'warn_error_options': 'WarnErrorOptions(include=[], exclude=[])', 'introspect': 'True', 'invocation_command': 'dbt run --select stg_flights.sql', 'log_format': 'default', 'target_path': 'None', 'static_parser': 'True', 'send_anonymous_usage_stats': 'True'}
[0m15:12:01.043041 [error] [MainThread]: Encountered an error:
Runtime Error
  No dbt_project.yml found at expected path C:\Users\HP\Documents\Challenge-Analytics-Engineer-ARTEFACT\dbt_project.yml
  Verify that each entry within packages.yml (and their transitive dependencies) contains a file named dbt_project.yml
  
[0m15:12:01.043041 [debug] [MainThread]: Command `dbt run` failed at 15:12:01.043041 after 0.17 seconds
[0m15:12:01.043041 [debug] [MainThread]: Sending event: {'category': 'dbt', 'action': 'invocation', 'label': 'end', 'context': [<snowplow_tracker.self_describing_json.SelfDescribingJson object at 0x000002AA27E3AD50>, <snowplow_tracker.self_describing_json.SelfDescribingJson object at 0x000002AA27E3BD90>, <snowplow_tracker.self_describing_json.SelfDescribingJson object at 0x000002AA27E3B050>]}
[0m15:12:01.043041 [debug] [MainThread]: Flushing usage events
[0m15:12:18.345545 [debug] [MainThread]: Sending event: {'category': 'dbt', 'action': 'invocation', 'label': 'start', 'context': [<snowplow_tracker.self_describing_json.SelfDescribingJson object at 0x000001FAC8B6E510>, <snowplow_tracker.self_describing_json.SelfDescribingJson object at 0x000001FAC8C20A10>, <snowplow_tracker.self_describing_json.SelfDescribingJson object at 0x000001FAC8617A50>]}


============================== 15:12:18.354544 | 35c3a12a-79bb-4c64-a5bd-e88de5e1ba58 ==============================
[0m15:12:18.354544 [info ] [MainThread]: Running with dbt=1.8.1
[0m15:12:18.356545 [debug] [MainThread]: running dbt with arguments {'printer_width': '80', 'indirect_selection': 'eager', 'log_cache_events': 'False', 'write_json': 'True', 'partial_parse': 'True', 'cache_selected_only': 'False', 'profiles_dir': 'C:\\Users\\HP\\.dbt', 'version_check': 'True', 'fail_fast': 'False', 'log_path': 'logs', 'debug': 'False', 'warn_error': 'None', 'use_colors': 'True', 'use_experimental_parser': 'False', 'no_print': 'None', 'quiet': 'False', 'warn_error_options': 'WarnErrorOptions(include=[], exclude=[])', 'static_parser': 'True', 'invocation_command': 'dbt run --select stg_flights', 'log_format': 'default', 'target_path': 'None', 'introspect': 'True', 'send_anonymous_usage_stats': 'True'}
[0m15:12:18.358551 [error] [MainThread]: Encountered an error:
Runtime Error
  No dbt_project.yml found at expected path C:\Users\HP\Documents\Challenge-Analytics-Engineer-ARTEFACT\dbt_project.yml
  Verify that each entry within packages.yml (and their transitive dependencies) contains a file named dbt_project.yml
  
[0m15:12:18.362281 [debug] [MainThread]: Command `dbt run` failed at 15:12:18.360545 after 0.17 seconds
[0m15:12:18.363295 [debug] [MainThread]: Sending event: {'category': 'dbt', 'action': 'invocation', 'label': 'end', 'context': [<snowplow_tracker.self_describing_json.SelfDescribingJson object at 0x000001FAC8C47B10>, <snowplow_tracker.self_describing_json.SelfDescribingJson object at 0x000001FAC8C1ADD0>, <snowplow_tracker.self_describing_json.SelfDescribingJson object at 0x000001FAC8C1AF90>]}
[0m15:12:18.365295 [debug] [MainThread]: Flushing usage events
[0m12:46:31.097121 [debug] [MainThread]: Sending event: {'category': 'dbt', 'action': 'invocation', 'label': 'start', 'context': [<snowplow_tracker.self_describing_json.SelfDescribingJson object at 0x00000229E3A82990>, <snowplow_tracker.self_describing_json.SelfDescribingJson object at 0x00000229E3AC3F10>, <snowplow_tracker.self_describing_json.SelfDescribingJson object at 0x00000229E3AC3DD0>]}


============================== 12:46:31.105033 | 96d9455c-cb18-45d9-a0a3-c5473b47c16a ==============================
[0m12:46:31.105033 [info ] [MainThread]: Running with dbt=1.8.1
[0m12:46:31.106243 [debug] [MainThread]: running dbt with arguments {'printer_width': '80', 'indirect_selection': 'eager', 'log_cache_events': 'False', 'write_json': 'True', 'partial_parse': 'True', 'cache_selected_only': 'False', 'warn_error': 'None', 'fail_fast': 'False', 'debug': 'False', 'log_path': 'logs', 'profiles_dir': 'C:\\Users\\HP\\.dbt', 'version_check': 'True', 'use_colors': 'True', 'use_experimental_parser': 'False', 'no_print': 'None', 'quiet': 'False', 'warn_error_options': 'WarnErrorOptions(include=[], exclude=[])', 'invocation_command': 'dbt run --select int_route_metrics', 'introspect': 'True', 'static_parser': 'True', 'target_path': 'None', 'log_format': 'default', 'send_anonymous_usage_stats': 'True'}
[0m12:46:31.108246 [error] [MainThread]: Encountered an error:
Runtime Error
  No dbt_project.yml found at expected path C:\Users\HP\Documents\Challenge-Analytics-Engineer-ARTEFACT\dbt_project.yml
  Verify that each entry within packages.yml (and their transitive dependencies) contains a file named dbt_project.yml
  
[0m12:46:31.110246 [debug] [MainThread]: Command `dbt run` failed at 12:46:31.110246 after 0.15 seconds
[0m12:46:31.111243 [debug] [MainThread]: Sending event: {'category': 'dbt', 'action': 'invocation', 'label': 'end', 'context': [<snowplow_tracker.self_describing_json.SelfDescribingJson object at 0x00000229E39D1810>, <snowplow_tracker.self_describing_json.SelfDescribingJson object at 0x00000229E39D1790>, <snowplow_tracker.self_describing_json.SelfDescribingJson object at 0x00000229E3A81210>]}
[0m12:46:31.112244 [debug] [MainThread]: Flushing usage events
